
> cordocu@1.0.0 start
> next start --port 3000

  ▲ Next.js 14.2.0
  - Local:        http://localhost:3000

 ✓ Starting...
 ⚠ "next start" does not work with "output: standalone" configuration. Use "node .next/standalone/server.js" instead.
 ✓ Ready in 239ms
TypeError: (0 , react_jsx_dev_runtime__WEBPACK_IMPORTED_MODULE_0__.jsxDEV) is not a function
    at App (webpack-internal:///./src/pages/_app.tsx:12:87)
    at Wc (C:\temp_private\corteqs\corteqs_dashboard\node_modules\react-dom\cjs\react-dom-server.browser.production.min.js:68:44)
    at Zc (C:\temp_private\corteqs\corteqs_dashboard\node_modules\react-dom\cjs\react-dom-server.browser.production.min.js:70:253)
    at Z (C:\temp_private\corteqs\corteqs_dashboard\node_modules\react-dom\cjs\react-dom-server.browser.production.min.js:76:89)
    at Zc (C:\temp_private\corteqs\corteqs_dashboard\node_modules\react-dom\cjs\react-dom-server.browser.production.min.js:70:481)
    at Z (C:\temp_private\corteqs\corteqs_dashboard\node_modules\react-dom\cjs\react-dom-server.browser.production.min.js:76:89)
    at $c (C:\temp_private\corteqs\corteqs_dashboard\node_modules\react-dom\cjs\react-dom-server.browser.production.min.js:78:98)
    at bd (C:\temp_private\corteqs\corteqs_dashboard\node_modules\react-dom\cjs\react-dom-server.browser.production.min.js:77:404)
    at Z (C:\temp_private\corteqs\corteqs_dashboard\node_modules\react-dom\cjs\react-dom-server.browser.production.min.js:76:217)
    at Zc (C:\temp_private\corteqs\corteqs_dashboard\node_modules\react-dom\cjs\react-dom-server.browser.production.min.js:71:479)
 ⨯ TypeError: (0 , react_jsx_dev_runtime__WEBPACK_IMPORTED_MODULE_0__.jsxDEV) is not a function
    at App (webpack-internal:///./src/pages/_app.tsx:12:87)
    at Wc (C:\temp_private\corteqs\corteqs_dashboard\node_modules\react-dom\cjs\react-dom-server.browser.production.min.js:68:44)
    at Zc (C:\temp_private\corteqs\corteqs_dashboard\node_modules\react-dom\cjs\react-dom-server.browser.production.min.js:70:253)
    at Z (C:\temp_private\corteqs\corteqs_dashboard\node_modules\react-dom\cjs\react-dom-server.browser.production.min.js:76:89)
    at Zc (C:\temp_private\corteqs\corteqs_dashboard\node_modules\react-dom\cjs\react-dom-server.browser.production.min.js:70:481)
    at Z (C:\temp_private\corteqs\corteqs_dashboard\node_modules\react-dom\cjs\react-dom-server.browser.production.min.js:76:89)
    at $c (C:\temp_private\corteqs\corteqs_dashboard\node_modules\react-dom\cjs\react-dom-server.browser.production.min.js:78:98)
    at bd (C:\temp_private\corteqs\corteqs_dashboard\node_modules\react-dom\cjs\react-dom-server.browser.production.min.js:77:404)
    at Z (C:\temp_private\corteqs\corteqs_dashboard\node_modules\react-dom\cjs\react-dom-server.browser.production.min.js:76:217)
    at Zc (C:\temp_private\corteqs\corteqs_dashboard\node_modules\react-dom\cjs\react-dom-server.browser.production.min.js:71:479)
TypeError: (0 , react_jsx_dev_runtime__WEBPACK_IMPORTED_MODULE_0__.jsxDEV) is not a function
    at App (webpack-internal:///./src/pages/_app.tsx:12:87)
    at Wc (C:\temp_private\corteqs\corteqs_dashboard\node_modules\react-dom\cjs\react-dom-server.browser.production.min.js:68:44)
    at Zc (C:\temp_private\corteqs\corteqs_dashboard\node_modules\react-dom\cjs\react-dom-server.browser.production.min.js:70:253)
    at Z (C:\temp_private\corteqs\corteqs_dashboard\node_modules\react-dom\cjs\react-dom-server.browser.production.min.js:76:89)
    at Zc (C:\temp_private\corteqs\corteqs_dashboard\node_modules\react-dom\cjs\react-dom-server.browser.production.min.js:70:481)
    at Z (C:\temp_private\corteqs\corteqs_dashboard\node_modules\react-dom\cjs\react-dom-server.browser.production.min.js:76:89)
    at $c (C:\temp_private\corteqs\corteqs_dashboard\node_modules\react-dom\cjs\react-dom-server.browser.production.min.js:78:98)
    at bd (C:\temp_private\corteqs\corteqs_dashboard\node_modules\react-dom\cjs\react-dom-server.browser.production.min.js:77:404)
    at Z (C:\temp_private\corteqs\corteqs_dashboard\node_modules\react-dom\cjs\react-dom-server.browser.production.min.js:76:217)
    at Zc (C:\temp_private\corteqs\corteqs_dashboard\node_modules\react-dom\cjs\react-dom-server.browser.production.min.js:71:479)
 ⨯ TypeError: (0 , react_jsx_dev_runtime__WEBPACK_IMPORTED_MODULE_0__.jsxDEV) is not a function
    at App (webpack-internal:///./src/pages/_app.tsx:12:87)
    at Wc (C:\temp_private\corteqs\corteqs_dashboard\node_modules\react-dom\cjs\react-dom-server.browser.production.min.js:68:44)
    at Zc (C:\temp_private\corteqs\corteqs_dashboard\node_modules\react-dom\cjs\react-dom-server.browser.production.min.js:70:253)
    at Z (C:\temp_private\corteqs\corteqs_dashboard\node_modules\react-dom\cjs\react-dom-server.browser.production.min.js:76:89)
    at Zc (C:\temp_private\corteqs\corteqs_dashboard\node_modules\react-dom\cjs\react-dom-server.browser.production.min.js:70:481)
    at Z (C:\temp_private\corteqs\corteqs_dashboard\node_modules\react-dom\cjs\react-dom-server.browser.production.min.js:76:89)
    at $c (C:\temp_private\corteqs\corteqs_dashboard\node_modules\react-dom\cjs\react-dom-server.browser.production.min.js:78:98)
    at bd (C:\temp_private\corteqs\corteqs_dashboard\node_modules\react-dom\cjs\react-dom-server.browser.production.min.js:77:404)
    at Z (C:\temp_private\corteqs\corteqs_dashboard\node_modules\react-dom\cjs\react-dom-server.browser.production.min.js:76:217)
    at Zc (C:\temp_private\corteqs\corteqs_dashboard\node_modules\react-dom\cjs\react-dom-server.browser.production.min.js:71:479)
